<?xml version="1.0" encoding="UTF-8"?>
<Site BuildName="(empty)"
	BuildStamp="20260610-0906-Experimental"
	Name="ROG-STRIX"
	Generator="ctest-3.28.3"
	CompilerName="/usr/bin/g++"
	CompilerVersion="13.3.0"
	OSName="Linux"
	Hostname="ROG-STRIX"
	OSRelease="7.0.11-arch1-1"
	OSVersion="#1 SMP PREEMPT_DYNAMIC Tue, 02 Jun 2026 18:26:58 +0000"
	OSPlatform="x86_64"
	Is64Bits="1"
	VendorString="GenuineIntel"
	VendorID="Intel Corporation"
	FamilyID="6"
	ModelID="183"
	ProcessorCacheSize="36864"
	NumberOfLogicalCPU="32"
	NumberOfPhysicalCPU="24"
	TotalVirtualMemory="16383"
	TotalPhysicalMemory="15594"
	LogicalProcessorsPerPhysical="1"
	ProcessorClockFrequency="1483.2"
	>
	<Testing>
		<StartDateTime>Jun 10 09:19 UTC</StartDateTime>
		<StartTestTime>1781083142</StartTestTime>
		<TestList/>
		<EndDateTime>Jun 10 09:19 UTC</EndDateTime>
		<EndTestTime>1781083142</EndTestTime>
		<ElapsedMinutes>0</ElapsedMinutes>
	</Testing>
</Site>
